Copyright 1986-2018 Xilinx, Inc. All Rights Reserved.
------------------------------------------------------------------------------------
| Tool Version : Vivado v.2018.3 (win64) Build 2405991 Thu Dec  6 23:38:27 MST 2018
| Date         : Fri Sep 12 16:24:47 2025
| Host         : DESKTOP-JD0JLR0 running 64-bit major release  (build 9200)
| Command      : report_control_sets -verbose -file top_cpu_control_sets_placed.rpt
| Design       : top_cpu
| Device       : xc7z020
------------------------------------------------------------------------------------

Control Set Information

Table of Contents
-----------------
1. Summary
2. Histogram
3. Flip-Flop Distribution
4. Detailed Control Set Information

1. Summary
----------

+----------------------------------------------------------+-------+
|                          Status                          | Count |
+----------------------------------------------------------+-------+
| Number of unique control sets                            |    21 |
| Unused register locations in slices containing registers |    14 |
+----------------------------------------------------------+-------+


2. Histogram
------------

+--------+--------------+
| Fanout | Control Sets |
+--------+--------------+
|      8 |            2 |
|      9 |            1 |
|    16+ |           18 |
+--------+--------------+


3. Flip-Flop Distribution
-------------------------

+--------------+-----------------------+------------------------+-----------------+--------------+
| Clock Enable | Synchronous Set/Reset | Asynchronous Set/Reset | Total Registers | Total Slices |
+--------------+-----------------------+------------------------+-----------------+--------------+
| No           | No                    | No                     |               9 |            4 |
| No           | No                    | Yes                    |              89 |           37 |
| No           | Yes                   | No                     |               0 |            0 |
| Yes          | No                    | No                     |               0 |            0 |
| Yes          | No                    | Yes                    |             528 |          208 |
| Yes          | Yes                   | No                     |               0 |            0 |
+--------------+-----------------------+------------------------+-----------------+--------------+


4. Detailed Control Set Information
-----------------------------------

+---------------------------+------------------------------+------------------+------------------+----------------+
|        Clock Signal       |         Enable Signal        | Set/Reset Signal | Slice Load Count | Bel Load Count |
+---------------------------+------------------------------+------------------+------------------+----------------+
|  scan_clk_reg_n_0_BUFG    | cpu/ctrl_unit/IRRead         | rst_IBUF         |                2 |              8 |
|  scan_clk_reg_n_0_BUFG    | cpu/dp/pc/PCWrite            | rst_IBUF         |                5 |              8 |
|  cpu/ctrl_unit/next_state |                              |                  |                4 |              9 |
|  clk_IBUF_BUFG            |                              | rst_IBUF         |                4 |             16 |
|  scan_clk_reg_n_0_BUFG    | cpu/ctrl_unit/E[0]           | rst_IBUF         |               21 |             32 |
|  scan_clk_reg_n_0_BUFG    | cpu/dp/IR/func_reg[4]_8[0]   | rst_IBUF         |               11 |             32 |
|  scan_clk_reg_n_0_BUFG    | cpu/dp/IR/E[0]               | rst_IBUF         |               12 |             32 |
|  scan_clk_reg_n_0_BUFG    | cpu/dp/IR/func_reg[4]_6[0]   | rst_IBUF         |                8 |             32 |
|  scan_clk_reg_n_0_BUFG    | cpu/dp/IR/func_reg[4]_4[0]   | rst_IBUF         |               11 |             32 |
|  scan_clk_reg_n_0_BUFG    | cpu/dp/IR/func_reg[4]_5[0]   | rst_IBUF         |               20 |             32 |
|  scan_clk_reg_n_0_BUFG    | cpu/dp/IR/func_reg[4]_3[0]   | rst_IBUF         |               13 |             32 |
|  scan_clk_reg_n_0_BUFG    | cpu/dp/IR/func_reg[4]_7[0]   | rst_IBUF         |               15 |             32 |
|  scan_clk_reg_n_0_BUFG    | cpu/dp/IR/opcode_reg[3]_1[0] | rst_IBUF         |                7 |             32 |
|  scan_clk_reg_n_0_BUFG    | cpu/dp/IR/rt_reg[0]_7[0]     | rst_IBUF         |                8 |             32 |
|  scan_clk_reg_n_0_BUFG    | cpu/dp/IR/rt_reg[0]_8[0]     | rst_IBUF         |               12 |             32 |
|  scan_clk_reg_n_0_BUFG    | cpu/dp/IR/rt_reg[0]_4[0]     | rst_IBUF         |               15 |             32 |
|  scan_clk_reg_n_0_BUFG    | cpu/dp/IR/rt_reg[0]_6[0]     | rst_IBUF         |               16 |             32 |
|  scan_clk_reg_n_0_BUFG    | cpu/dp/IR/rt_reg[0]_3[0]     | rst_IBUF         |               13 |             32 |
|  scan_clk_reg_n_0_BUFG    | cpu/dp/IR/rt_reg[1]_0[0]     | rst_IBUF         |                7 |             32 |
|  scan_clk_reg_n_0_BUFG    | cpu/dp/IR/rt_reg[0]_5[0]     | rst_IBUF         |               12 |             32 |
|  scan_clk_reg_n_0_BUFG    |                              | rst_IBUF         |               33 |             73 |
+---------------------------+------------------------------+------------------+------------------+----------------+


